<?xml version="1.0" encoding="UTF-8"?>
<!-- Generated by org.testng.reporters.JUnitReportReporter -->
<testsuite hostname="DESKTOP-PPQ1MD7" name="RunSignUpTest" tests="1" failures="0" timestamp="20 Oct 2018 13:39:38 GMT" time="28.183" errors="0">
  <testcase name="run_cukes" time="28.183" classname="RunSignUpTest"/>
</testsuite> <!-- RunSignUpTest -->
